Allerlei/Teufel.tex T: 1566477189.0161557

Automat/AutomatDFA.tex T: 1566316653.2055078

Automat/AutomatNFA.tex T: 1566316653.2055078

Automat/CYKAlgorithmus.tex T: 1566316653.2055078

Automat/Demo-1.tex T: 1564050611.304223

Automat/Demo-2.tex T: 1564050611.304223

Automat/Demo.tex T: 1564050611.304223

Automat/Header.tex T: 1564050611.304223

Automat/MealyAutomat.tex T: 1566316653.2055078

Automat/MinimalautomatBeispiel/MinimalautomatBeispiel1.tex T: 1566316653.2055078

Automat/MinimalautomatBeispiel/MinimalautomatBeispiel2.tex T: 1566316653.2055078

Automat/MinimalautomatBeispiel/MinimalautomatBeispiel3.tex T: 1566316653.2055078

Automat/MinimalautomatBeispiel/MinimalautomatBeispiel4.tex T: 1566316653.2055078

Automat/MinimalautomatBeispiel/MinimalautomatBeispiel5.tex T: 1566316653.2055078

Automat/MinimalautomatBeispiel/MinimalautomatBeispiel6.tex T: 1566316653.2055078

Automat/MooreAutomat.tex T: 1566316653.2055078

Datenbanken/ERMExample.tex T: 1566316653.2055078

Eigene/Proseminar/Cluster/en-circles.tex T: 1564050611.304223

Eigene/Proseminar/Cluster/en-clusters.tex T: 1564050611.3082232

Eigene/Proseminar/Cluster/en-moons.tex T: 1564050611.3082232

Eigene/Proseminar/Cluster/en-special.tex T: 1564050611.3162234

Eigene/Proseminar/Cluster/km-circles.tex T: 1564050611.3162234

Eigene/Proseminar/Cluster/km-clusters.tex T: 1564050611.3162234

Eigene/Proseminar/Cluster/km-moons.tex T: 1564050611.3202236

Eigene/Proseminar/Cluster/km-special.tex T: 1564050611.3202236

Eigene/Proseminar/Cluster/kn-circles.tex T: 1564050611.3202236

Eigene/Proseminar/Cluster/kn-clusters.tex T: 1564050611.3202236

Eigene/Proseminar/Cluster/kn-moons.tex T: 1564050611.3242235

Eigene/Proseminar/Cluster/kn-special.tex T: 1564050611.3242235

Eigene/Proseminar/Cluster/rolf-circles.tex T: 1564050611.3242235

Eigene/Proseminar/Cluster/rolf-clusters.tex T: 1564050611.3242235

Eigene/Proseminar/Cluster/rolf-moons.tex T: 1564050611.3282237

Eigene/Proseminar/Cluster/rolf-special.tex T: 1564050611.3282237

Eigene/Proseminar/Cluster/thumb-circles.tex T: 1564050611.3282237

Eigene/Proseminar/Cluster/thumb-clusters.tex T: 1564050611.3282237

Eigene/Proseminar/Cluster/thumb-moons.tex T: 1564050611.332224

Eigene/Proseminar/Cluster/thumb-special.tex T: 1564050611.332224

Graphen/GraphNachbarschaftGrad.tex T: 1566316653.2055078

Graphen/GraphNichtPlanarK33.tex T: 1566316653.2015078

Graphen/GraphNichtPlanarK5.tex T: 1566316653.2015078

Graphen/GraphTopologie.tex T: 1566316653.2015078

Graphen/GraphWegPfad.tex T: 1566316653.2015078

Graphen/GraphZyklus.tex T: 1566316653.2015078

Haskell/HaskellTypen.tex T: 1566397490.26644

Haskell/Listenoperationen.tex T: 1565630020.9191043
Java/ODBCSchematisch.tex T: 1566316691.5493288

Java/StreamDemo.tex T: 1566316653.1975079

Logik/KVDiagramm.tex T: 1566432431.9434931

Logik/KVWuerfel.tex T: 1566343793.8093088

Logik/QuineMCCluskeyTabelle.tex T: 1566316653.1975079

Logik/QuineMCCluskeyZusammenfassen.tex T: 1566316653.1975079

Mengen/FunktionBijektiv.tex T: 1566316653.2055078

Mengen/FunktionInjektiv.tex T: 1566316653.2055078

Mengen/FunktionSurjektiv.tex T: 1566316653.2055078

Mengen/Mengenmultiplikation/Mengenmultiplikation1.tex T: 1566316653.2055078

Mengen/Mengenmultiplikation/Mengenmultiplikation2.tex T: 1566316653.2055078

Mengen/Mengenmultiplikation/Mengenmultiplikation3.tex T: 1566316653.2055078

Mengen/Mengenmultiplikation/Mengenmultiplikation4.tex T: 1566316653.2055078

Mengen/VennDifferenz.tex T: 1566316653.2055078

Mengen/VennSchnitt.tex T: 1566316653.2055078

Mengen/VennVereinigung.tex T: 1566316653.2055078

Prozesse/FCFS-WorstCase.tex T: 1564738617.8909166

Prozesse/FCFS.tex T: 1564738614.8629994

Prozesse/Prozesszustaende.tex T: 1564737727.106

Rechner/ALU.tex T: 1566316653.2015078

Rechner/AmpelPLA.tex T: 1566316653.2015078

Rechner/BarrelShifter.tex T: 1566316653.2015078

Rechner/Beispielprozessor.tex T: 1564732910.1666968

Rechner/CLA.tex T: 1566316653.2055078

Rechner/CPLD.tex T: 1566316653.2015078

Rechner/CSA.tex T: 1566316653.1975079

Rechner/DreiTorRegister.tex T: 1566316653.2015078

Rechner/Eintorspeicher.tex T: 1566316653.1975079

Rechner/GALPAL.tex T: 1566316653.2055078

Rechner/Geraeteverwaltung.tex T: 1565514479.6780949

Rechner/HardwareSkizze.tex T: 1564702512.9338162

Rechner/ISA.tex T: 1566316653.2015078

Rechner/LUT.tex T: 1566316653.2015078

Rechner/LUTOder.tex T: 1566316653.2015078

Rechner/MIPS.tex T: 1566316653.2015078

Rechner/MuxDemuxKommunikation.tex T: 1566316653.2015078

Rechner/MuxShannon.tex T: 1566316653.2015078

Rechner/NAdressmaschiene.tex T: 1566316653.2015078

Rechner/PLA.tex T: 1566316653.2015078

Rechner/PLAAmpel.tex T: 1566316653.2015078

Rechner/PROM.tex T: 1566316653.2015078

Rechner/Pages.tex T: 1566316653.2015078

Rechner/Physik/DiodenStromstaerke.tex T: 1566316653.2055078

Rechner/Physik/Metastabil.tex T: 1566316653.2055078

Rechner/Physik/TransistorStoertoleranz.tex T: 1566316653.2055078

Rechner/RegisterParallel.tex T: 1566316653.2015078

Rechner/RegisterSeriell.tex T: 1566316653.2015078

Rechner/Shiftregister.tex T: 1566316653.2015078

Rechner/Speicherhierarchie.tex T: 1565514400.3473544

Rechner/StackExample.tex T: 1566316653.1975079

Rechner/Stackmaschiene.tex T: 1566316653.2015078

Rechner/StackmaschieneSimpler.tex T: 1566316653.2015078

Schaltkreis/Addier-Subtrahierer.tex T: 1565104573.533393
Schaltkreis/Demultiplexer.tex T: 1566316653.2015078

Schaltkreis/KomplexerSchaltkreis.tex T: 1566129224.3025746

Schaltkreis/SynchronzaehlerDFF.tex T: 1566316653.1975079

Schaltkreis/SynchronzaehlerTFF.tex T: 1566316653.2015078

Schaltkreis/Volladdierer.tex T: 1564666919.4883823
Software/DreiSchichtenArchitektur.tex T: 1565104599.545443
Software/Meta/ProgrammierparadigmenUeberblick.tex T: 1565620465.918367
Software/ModelViewController.tex T: 1565451322.765003

Software/RegexExample.tex T: 1566316653.2055078

Software/SQL/SQLFields.tex T: 1566314224.0825787

Software/SQL/SQLFieldsDCL.tex T: 1566314454.1962786

Software/SQL/SQLFieldsDDL.tex T: 1566314418.5045726

Software/SQL/SQLFieldsDML.tex T: 1566314379.0609193

Software/SQL/SQLFieldsDQL.tex T: 1566314367.229028

Software/ThreadStates.tex T: 1566319234.739091

Software/UML/UMLCompositePattern.tex T: 1566316653.2055078

Software/UML/UMLDecoratorPattern.tex T: 1566316653.2055078

Software/UML/UMLExample.tex T: 1566482752.8177748

Software/UML/UMLFactoryPattern.tex T: 1566480223.6881871

Software/UML/UMLObserverPattern.tex T: 1566318324.9647064

Software/UML/UMLSEQObserverPattern.tex T: 1565434577.3536985

Software/UML/UMLSEQObserverPatternAdapted.tex T: 1565434889.619747

Software/UML/UMLStateDiagramExample.tex T: 1566484067.5425477

Software/UML/UMLThread.tex T: 1565461341.202054

Software/XML/XML/XML/XMLUebersicht.tex T: 1566309302.185538

Sprachen/CYKAlgorithmus.tex T: 1566316653.2015078

Sprachen/ChomskyHierarchie.tex T: 1566343731.0377374

Sprachen/Grammatik.tex T: 1566316653.2015078

Software/XML/XMLUebersicht.tex T: 1566309302.185538

