Haskell/Listenoperationen.tex T: 1565630020.9191043
Haskell/HaskellTypen.tex T: 1566397490.0
Logik/QuineMCCluskeyZusammenfassen.tex T: 1566316653.0
Logik/QuineMCCluskeyTabelle.tex T: 1566316653.0
Logik/KVDiagramm.tex T: 1566432431.0
Logik/KVWuerfel.tex T: 1566343793.0
Java/ODBCSchematisch.tex T: 1566316691.0
Java/StreamDemo.tex T: 1566316653.0
Rechner/Beispielprozessor.tex T: 1564732910.0
Rechner/StackExample.tex T: 1566316653.0
Rechner/Eintorspeicher.tex T: 1566316653.0
Rechner/CSA.tex T: 1566316653.0
Rechner/RegisterParallel.tex T: 1566316653.0
Rechner/DreiTorRegister.tex T: 1566316653.0
Rechner/ISA.tex T: 1566316653.0
Rechner/LUT.tex T: 1566316653.0
Rechner/StackmaschieneSimpler.tex T: 1566316653.0
Rechner/ALU.tex T: 1566316653.0
Rechner/RegisterSeriell.tex T: 1566316653.0
Rechner/Shiftregister.tex T: 1566316653.0
Rechner/PLAAmpel.tex T: 1566316653.0
Rechner/PROM.tex T: 1566316653.0
Rechner/Pages.tex T: 1566316653.0
Rechner/Stackmaschiene.tex T: 1566316653.0
Rechner/PLA.tex T: 1566316653.0
Rechner/MIPS.tex T: 1566316653.0
Rechner/Geraeteverwaltung.tex T: 1565514479.0
Rechner/MuxShannon.tex T: 1566316653.0
Rechner/CPLD.tex T: 1566316653.0
Rechner/Speicherhierarchie.tex T: 1565514400.0
Rechner/MuxDemuxKommunikation.tex T: 1566316653.0
Rechner/NAdressmaschiene.tex T: 1566316653.0
Rechner/AmpelPLA.tex T: 1566316653.0
Rechner/LUTOder.tex T: 1566316653.0
Rechner/BarrelShifter.tex T: 1566316653.0
Rechner/HardwareSkizze.tex T: 1564702512.0
Rechner/GALPAL.tex T: 1566316653.0
Rechner/CLA.tex T: 1566316653.0
Rechner/Physik/Metastabil.tex T: 1566316653.0
Rechner/Physik/TransistorStoertoleranz.tex T: 1566316653.0
Rechner/Physik/DiodenStromstaerke.tex T: 1566316653.0
Schaltkreis/SynchronzaehlerDFF.tex T: 1566316653.0
Schaltkreis/Volladdierer.tex T: 1564666919.4883823
Schaltkreis/Addier-Subtrahierer.tex T: 1565104573.533393
Schaltkreis/Demultiplexer.tex T: 1566316653.0
Schaltkreis/SynchronzaehlerTFF.tex T: 1566316653.0
Schaltkreis/KomplexerSchaltkreis.tex T: 1566129224.0
Sprachen/CYKAlgorithmus.tex T: 1566316653.0
Sprachen/Grammatik.tex T: 1566316653.0
Sprachen/ChomskyHierarchie.tex T: 1566343731.0
Graphen/GraphZyklus.tex T: 1566316653.0
Graphen/GraphWegPfad.tex T: 1566316653.0
Graphen/GraphTopologie.tex T: 1566316653.0
Graphen/GraphNichtPlanarK5.tex T: 1566316653.0
Graphen/GraphNichtPlanarK33.tex T: 1566316653.0
Graphen/GraphNachbarschaftGrad.tex T: 1566316653.0
Mengen/VennDifferenz.tex T: 1566316653.0
Mengen/VennSchnitt.tex T: 1566316653.0
Mengen/FunktionSurjektiv.tex T: 1566316653.0
Mengen/FunktionInjektiv.tex T: 1566316653.0
Mengen/FunktionBijektiv.tex T: 1566316653.0
Mengen/VennVereinigung.tex T: 1566316653.0
Mengen/Mengenmultiplikation/Mengenmultiplikation1.tex T: 1566316653.0
Mengen/Mengenmultiplikation/Mengenmultiplikation3.tex T: 1566316653.0
Mengen/Mengenmultiplikation/Mengenmultiplikation2.tex T: 1566316653.0
Mengen/Mengenmultiplikation/Mengenmultiplikation4.tex T: 1566316653.0
Software/DreiSchichtenArchitektur.tex T: 1565104599.545443
Software/RegexExample.tex T: 1566316653.0
Software/ModelViewController.tex T: 1565451322.0
Software/ThreadStates.tex T: 1566319234.0
Software/Meta/ProgrammierparadigmenUeberblick.tex T: 1565620465.918367
Software/SQL/SQLFieldsDML.tex T: 1566314379.0
Software/SQL/SQLFieldsDDL.tex T: 1566314418.0
Software/SQL/SQLFields.tex T: 1566314224.0
Software/SQL/SQLFieldsDQL.tex T: 1566314367.0
Software/SQL/SQLFieldsDCL.tex T: 1566314454.0
Software/XML/XML/XML/XMLUebersicht.tex T: 1566309302.185538

Software/UML/UMLCompositePattern.tex T: 1566316653.0
Software/UML/UMLStateDiagramExample.tex T: 1566484067.0
Software/UML/UMLObserverPattern.tex T: 1566318324.0
Software/UML/UMLThread.tex T: 1565461341.0
Software/UML/UMLExample.tex T: 1566482752.0
Software/UML/UMLSEQObserverPattern.tex T: 1565434577.0
Software/UML/UMLDecoratorPattern.tex T: 1566316653.0
Software/UML/UMLSEQObserverPatternAdapted.tex T: 1565434889.0
Allerlei/Teufel.tex T: 1566477189.0
Prozesse/Prozesszustaende.tex T: 1564737727.0
Prozesse/FCFS.tex T: 1564738614.0
Prozesse/FCFS-WorstCase.tex T: 1564738617.0
Automat/AutomatNFA.tex T: 1566316653.0
Automat/AutomatDFA.tex T: 1566316653.0
Automat/CYKAlgorithmus.tex T: 1566316653.0
Automat/MealyAutomat.tex T: 1566316653.0
Automat/Demo-1.tex T: 1564050611.0
Automat/Demo-2.tex T: 1564050611.0
Automat/MooreAutomat.tex T: 1566316653.0
Automat/Demo.tex T: 1564050611.0
Automat/Header.tex T: 1564050611.0
Automat/MinimalautomatBeispiel/MinimalautomatBeispiel3.tex T: 1566316653.0
Automat/MinimalautomatBeispiel/MinimalautomatBeispiel2.tex T: 1566316653.0
Automat/MinimalautomatBeispiel/MinimalautomatBeispiel5.tex T: 1566316653.0
Automat/MinimalautomatBeispiel/MinimalautomatBeispiel6.tex T: 1566316653.0
Automat/MinimalautomatBeispiel/MinimalautomatBeispiel4.tex T: 1566316653.0
Automat/MinimalautomatBeispiel/MinimalautomatBeispiel1.tex T: 1566316653.0
Datenbanken/ERMExample.tex T: 1566316653.0
Software/UML/UMLFactoryPattern.tex T: 1566480223.0
Software/XML/XMLUebersicht.tex T: 1566309302.0
